<?xml version="1.0" encoding="UTF-8"?>
<!-- Generated by org.testng.reporters.JUnitReportReporter -->
<testsuite name="Runner.RunnerClass" tests="1" time="0.147" ignored="0" failures="0" timestamp="24 Jan 2020 10:37:04 GMT" skipped="0" hostname="3279HIMANS2323D" errors="0">
  <testcase name="feature" time="0.147" classname="Runner.RunnerClass"/>
</testsuite> <!-- Runner.RunnerClass -->
